<?xml version="1.0" encoding="UTF-8"?>
<!-- Generated by org.testng.reporters.JUnitReportReporter -->
<testsuite hostname="DESKTOP-PVBF4KV" name="pak1.class1" tests="1" failures="0" timestamp="14 Dec 2019 11:54:20 GMT" time="25.577" errors="0">
  <testcase name="test1" time="25.577" classname="pak1.class1"/>
</testsuite> <!-- pak1.class1 -->
