<?xml version="1.0" encoding="UTF-8"?>
<!-- Generated by org.testng.reporters.JUnitReportReporter -->
<testsuite hostname="DESKTOP-PVBF4KV" name="pak1.Auto_Practice" tests="1" failures="0" timestamp="14 Dec 2019 13:14:40 GMT" time="13.037" errors="0">
  <testcase name="GoogleLogic" time="13.037" classname="pak1.Auto_Practice"/>
</testsuite> <!-- pak1.Auto_Practice -->
